2022-07-14 01:20:46 [  trace]   --------- title --------- | ------------------ info ------------------
2022-07-14 01:20:46 [   info]                        find | POST
2022-07-14 01:20:46 [   info]                           i | 1
2022-07-14 01:20:46 [   info]            p[i].PacketIndex | 2
2022-07-14 01:20:46 [   info]                   lineIndex | 1
2022-07-14 01:20:47 [   info]                        find | POST
2022-07-14 01:20:47 [   info]                           i | 1
2022-07-14 01:20:47 [   info]            p[i].PacketIndex | 2
2022-07-14 01:20:47 [   info]                   lineIndex | 1
2022-07-14 01:20:48 [   info]                        find | POST
2022-07-14 01:20:48 [   info]                           i | 1
2022-07-14 01:20:48 [   info]            p[i].PacketIndex | 2
2022-07-14 01:20:48 [   info]                   lineIndex | 1
2022-07-14 01:20:49 [   info]                        find | POST
2022-07-14 01:20:49 [   info]                           i | 1
2022-07-14 01:20:49 [   info]            p[i].PacketIndex | 2
2022-07-14 01:20:49 [   info]                   lineIndex | 1
2022-07-14 01:20:50 [   info]                        find | POST
2022-07-14 01:20:50 [   info]                           i | 1
2022-07-14 01:20:50 [   info]            p[i].PacketIndex | 2
2022-07-14 01:20:50 [   info]                   lineIndex | 1
2022-07-14 01:20:51 [   info]                        find | POST
2022-07-14 01:20:51 [   info]                           i | 1
2022-07-14 01:20:51 [   info]            p[i].PacketIndex | 2
2022-07-14 01:20:51 [   info]                   lineIndex | 1
2022-07-14 01:20:52 [   info]                        find | POST
2022-07-14 01:20:52 [   info]                           i | 1
2022-07-14 01:20:52 [   info]            p[i].PacketIndex | 2
2022-07-14 01:20:52 [   info]                   lineIndex | 1
2022-07-14 01:20:53 [   info]                        find | POST
2022-07-14 01:20:53 [   info]                           i | 1
2022-07-14 01:20:53 [   info]            p[i].PacketIndex | 2
2022-07-14 01:20:53 [   info]                   lineIndex | 1
2022-07-14 01:20:54 [   info]                        find | POST
2022-07-14 01:20:54 [   info]                           i | 1
2022-07-14 01:20:54 [   info]            p[i].PacketIndex | 2
2022-07-14 01:20:54 [   info]                   lineIndex | 1
2022-07-14 01:20:55 [   info]                        find | POST
2022-07-14 01:20:55 [   info]                           i | 1
2022-07-14 01:20:55 [   info]            p[i].PacketIndex | 2
2022-07-14 01:20:55 [   info]                   lineIndex | 1
2022-07-14 01:21:45 [  trace]   --------- title --------- | ------------------ info ------------------
2022-07-14 01:26:35 [  trace]   --------- title --------- | ------------------ info ------------------
2022-07-14 01:34:25 [  trace]   --------- title --------- | ------------------ info ------------------
2022-07-14 01:35:03 [  trace]   --------- title --------- | ------------------ info ------------------
2022-07-14 01:35:03 [   info]                        find | POST
2022-07-14 01:35:03 [   info]                           i | 1
2022-07-14 01:35:03 [   info]            p[i].PacketIndex | 2
2022-07-14 01:35:03 [   info]                   lineIndex | 1
2022-07-14 01:35:04 [   info]                        find | POST
2022-07-14 01:35:04 [   info]                           i | 1
2022-07-14 01:35:04 [   info]            p[i].PacketIndex | 2
2022-07-14 01:35:04 [   info]                   lineIndex | 1
2022-07-14 01:35:05 [   info]                        find | POST
2022-07-14 01:35:05 [   info]                           i | 1
2022-07-14 01:35:05 [   info]            p[i].PacketIndex | 2
2022-07-14 01:35:05 [   info]                   lineIndex | 1
2022-07-14 01:35:06 [   info]                        find | POST
2022-07-14 01:35:06 [   info]                           i | 1
2022-07-14 01:35:06 [   info]            p[i].PacketIndex | 2
2022-07-14 01:35:06 [   info]                   lineIndex | 1
2022-07-14 01:35:07 [   info]                        find | POST
2022-07-14 01:35:07 [   info]                           i | 1
2022-07-14 01:35:07 [   info]            p[i].PacketIndex | 2
2022-07-14 01:35:07 [   info]                   lineIndex | 1
2022-07-14 01:35:08 [   info]                        find | POST
2022-07-14 01:35:08 [   info]                           i | 1
2022-07-14 01:35:08 [   info]            p[i].PacketIndex | 2
2022-07-14 01:35:08 [   info]                   lineIndex | 1
2022-07-14 01:35:09 [   info]                        find | POST
2022-07-14 01:35:09 [   info]                           i | 1
2022-07-14 01:35:09 [   info]            p[i].PacketIndex | 2
2022-07-14 01:35:09 [   info]                   lineIndex | 1
2022-07-14 01:35:10 [   info]                        find | POST
2022-07-14 01:35:10 [   info]                           i | 1
2022-07-14 01:35:10 [   info]            p[i].PacketIndex | 2
2022-07-14 01:35:10 [   info]                   lineIndex | 1
2022-07-14 01:35:11 [   info]                        find | POST
2022-07-14 01:35:11 [   info]                           i | 1
2022-07-14 01:35:11 [   info]            p[i].PacketIndex | 2
2022-07-14 01:35:11 [   info]                   lineIndex | 1
2022-07-14 01:35:12 [   info]                        find | POST
2022-07-14 01:35:12 [   info]                           i | 1
2022-07-14 01:35:12 [   info]            p[i].PacketIndex | 2
2022-07-14 01:35:12 [   info]                   lineIndex | 1
2022-07-14 01:54:54 [  trace]   --------- title --------- | ------------------ info ------------------
2022-07-14 01:54:54 [   info]                        find | POST
2022-07-14 01:55:50 [   info]                           i | 12022-07-14 01:56:06 [  trace]   --------- title --------- | ------------------ info ------------------
2022-07-14 01:56:06 [   info]                        find | POST
2022-07-14 01:56:06 [   info]                           i | 1
2022-07-14 01:56:06 [   info]            p[i].PacketIndex | 2
2022-07-14 01:56:06 [   info]                   lineIndex | 1
2022-07-14 01:56:07 [   info]                        find | POST
2022-07-14 01:56:07 [   info]                           i | 1
2022-07-14 01:56:07 [   info]            p[i].PacketIndex | 2
2022-07-14 01:56:07 [   info]                   lineIndex | 1
2022-07-14 01:56:08 [   info]                        find | POST
2022-07-14 01:56:08 [   info]                           i | 1
2022-07-14 01:56:08 [   info]            p[i].PacketIndex | 2
2022-07-14 01:56:08 [   info]                   lineIndex | 1
2022-07-14 01:56:09 [   info]                        find | POST
2022-07-14 01:56:09 [   info]                           i | 1
2022-07-14 01:56:09 [   info]            p[i].PacketIndex | 2
2022-07-14 01:56:09 [   info]                   lineIndex | 1
2022-07-14 01:56:10 [   info]                        find | POST
2022-07-14 01:56:10 [   info]                           i | 1
2022-07-14 01:56:10 [   info]            p[i].PacketIndex | 2
2022-07-14 01:56:10 [   info]                   lineIndex | 1
2022-07-14 01:56:11 [   info]                        find | POST
2022-07-14 01:56:11 [   info]                           i | 1
2022-07-14 01:56:11 [   info]            p[i].PacketIndex | 2
2022-07-14 01:56:11 [   info]                   lineIndex | 1
2022-07-14 01:56:12 [   info]                        find | POST
2022-07-14 01:56:12 [   info]                           i | 1
2022-07-14 01:56:12 [   info]            p[i].PacketIndex | 2
2022-07-14 01:56:12 [   info]                   lineIndex | 1
2022-07-14 01:56:13 [   info]                        find | POST
2022-07-14 01:56:13 [   info]                           i | 1
2022-07-14 01:56:13 [   info]            p[i].PacketIndex | 2
2022-07-14 01:56:13 [   info]                   lineIndex | 1
2022-07-14 01:56:14 [   info]                        find | POST
2022-07-14 01:56:15 [   info]                           i | 1
2022-07-14 01:56:15 [   info]            p[i].PacketIndex | 2
2022-07-14 01:56:15 [   info]                   lineIndex | 1
2022-07-14 01:56:15 [   info]                        find | POST
2022-07-14 01:56:15 [   info]                           i | 1
2022-07-14 01:56:15 [   info]            p[i].PacketIndex | 2
2022-07-14 01:56:15 [   info]                   lineIndex | 1
2022-07-14 01:56:24 [  trace]   --------- title --------- | ------------------ info ------------------
2022-07-14 01:56:24 [   info]                        find | POST
2022-07-14 01:56:24 [   info]                           i | 1
2022-07-14 01:56:24 [   info]            p[i].PacketIndex | 2
2022-07-14 01:56:24 [   info]                   lineIndex | 1
2022-07-14 01:56:25 [   info]                        find | POST
2022-07-14 01:56:25 [   info]                           i | 1
2022-07-14 01:56:25 [   info]            p[i].PacketIndex | 2
2022-07-14 01:56:25 [   info]                   lineIndex | 1
2022-07-14 01:56:26 [   info]                        find | POST
2022-07-14 01:56:26 [   info]                           i | 1
2022-07-14 01:56:26 [   info]            p[i].PacketIndex | 2
2022-07-14 01:56:26 [   info]                   lineIndex | 1
2022-07-14 01:56:27 [   info]                        find | POST
2022-07-14 01:56:27 [   info]                           i | 1
2022-07-14 01:56:27 [   info]            p[i].PacketIndex | 2
2022-07-14 01:56:27 [   info]                   lineIndex | 1
2022-07-14 01:56:28 [   info]                        find | POST
2022-07-14 01:56:28 [   info]                           i | 1
2022-07-14 01:56:28 [   info]            p[i].PacketIndex | 2
2022-07-14 01:56:28 [   info]                   lineIndex | 1
2022-07-14 01:56:29 [   info]                        find | POST
2022-07-14 01:56:29 [   info]                           i | 1
2022-07-14 01:56:29 [   info]            p[i].PacketIndex | 2
2022-07-14 01:56:29 [   info]                   lineIndex | 1
2022-07-14 01:56:30 [   info]                        find | POST
2022-07-14 01:56:30 [   info]                           i | 1
2022-07-14 01:56:30 [   info]            p[i].PacketIndex | 2
2022-07-14 01:56:30 [   info]                   lineIndex | 1
2022-07-14 01:56:31 [   info]                        find | POST
2022-07-14 01:56:31 [   info]                           i | 1
2022-07-14 01:56:31 [   info]            p[i].PacketIndex | 2
2022-07-14 01:56:31 [   info]                   lineIndex | 1
2022-07-14 01:56:32 [   info]                        find | POST
2022-07-14 01:56:32 [   info]                           i | 1
2022-07-14 01:56:32 [   info]            p[i].PacketIndex | 2
2022-07-14 01:56:32 [   info]                   lineIndex | 1
2022-07-14 01:56:33 [   info]                        find | POST
2022-07-14 01:56:33 [   info]                           i | 1
2022-07-14 01:56:33 [   info]            p[i].PacketIndex | 2
2022-07-14 01:56:33 [   info]                   lineIndex | 1
2022-07-14 01:56:40 [  trace]   --------- title --------- | ------------------ info ------------------
2022-07-14 01:56:40 [   info]                        find | POST
2022-07-14 01:56:40 [   info]                           i | 1
2022-07-14 01:56:40 [   info]            p[i].PacketIndex | 2
2022-07-14 01:56:40 [   info]                   lineIndex | 1
2022-07-14 01:56:41 [   info]                        find | POST
2022-07-14 01:56:42 [   info]                           i | 1
2022-07-14 01:56:42 [   info]            p[i].PacketIndex | 2
2022-07-14 01:56:42 [   info]                   lineIndex | 1
2022-07-14 01:56:42 [   info]                        find | POST
2022-07-14 01:56:42 [   info]                           i | 1
2022-07-14 01:56:42 [   info]            p[i].PacketIndex | 2
2022-07-14 01:56:42 [   info]                   lineIndex | 1
2022-07-14 01:56:43 [   info]                        find | POST
2022-07-14 01:56:43 [   info]                           i | 1
2022-07-14 01:56:43 [   info]            p[i].PacketIndex | 2
2022-07-14 01:56:43 [   info]                   lineIndex | 1
2022-07-14 01:56:44 [   info]                        find | POST
2022-07-14 01:56:44 [   info]                           i | 1
2022-07-14 01:56:44 [   info]            p[i].PacketIndex | 2
2022-07-14 01:56:44 [   info]                   lineIndex | 1
2022-07-14 01:56:45 [   info]                        find | POST
2022-07-14 01:56:45 [   info]                           i | 1
2022-07-14 01:56:45 [   info]            p[i].PacketIndex | 2
2022-07-14 01:56:45 [   info]                   lineIndex | 1
2022-07-14 01:56:46 [   info]                        find | POST
2022-07-14 01:56:46 [   info]                           i | 1
2022-07-14 01:56:46 [   info]            p[i].PacketIndex | 2
2022-07-14 01:56:46 [   info]                   lineIndex | 1
2022-07-14 01:56:47 [   info]                        find | POST
2022-07-14 01:56:47 [   info]                           i | 1
2022-07-14 01:56:47 [   info]            p[i].PacketIndex | 2
2022-07-14 01:56:47 [   info]                   lineIndex | 1
2022-07-14 01:56:49 [   info]                        find | POST
2022-07-14 01:56:49 [   info]                           i | 1
2022-07-14 01:56:49 [   info]            p[i].PacketIndex | 2
2022-07-14 01:56:49 [   info]                   lineIndex | 1
2022-07-14 01:56:49 [   info]                        find | POST
2022-07-14 01:56:49 [   info]                           i | 1
2022-07-14 01:56:49 [   info]            p[i].PacketIndex | 2
2022-07-14 01:56:49 [   info]                   lineIndex | 1
2022-07-14 01:57:14 [  trace]   --------- title --------- | ------------------ info ------------------
2022-07-14 01:57:14 [   info]                        find | POST
2022-07-14 01:57:14 [   info]                           i | 1
2022-07-14 01:57:14 [   info]            p[i].PacketIndex | 2
2022-07-14 01:57:14 [   info]                   lineIndex | 1
2022-07-14 01:57:15 [   info]                        find | POST
2022-07-14 01:57:15 [   info]                           i | 1
2022-07-14 01:57:15 [   info]            p[i].PacketIndex | 2
2022-07-14 01:57:15 [   info]                   lineIndex | 1
2022-07-14 01:57:16 [   info]                        find | POST
2022-07-14 01:57:16 [   info]                           i | 1
2022-07-14 01:57:16 [   info]            p[i].PacketIndex | 2
2022-07-14 01:57:16 [   info]                   lineIndex | 1
2022-07-14 01:57:17 [   info]                        find | POST
2022-07-14 01:57:17 [   info]                           i | 1
2022-07-14 01:57:17 [   info]            p[i].PacketIndex | 2
2022-07-14 01:57:17 [   info]                   lineIndex | 1
2022-07-14 01:57:18 [   info]                        find | POST
2022-07-14 01:57:18 [   info]                           i | 1
2022-07-14 01:57:18 [   info]            p[i].PacketIndex | 2
2022-07-14 01:57:18 [   info]                   lineIndex | 1
2022-07-14 01:57:20 [   info]                        find | POST
2022-07-14 01:57:20 [   info]                           i | 1
2022-07-14 01:57:20 [   info]            p[i].PacketIndex | 2
2022-07-14 01:57:20 [   info]                   lineIndex | 1
2022-07-14 01:57:20 [   info]                        find | POST
2022-07-14 01:57:20 [   info]                           i | 1
2022-07-14 01:57:20 [   info]            p[i].PacketIndex | 2
2022-07-14 01:57:20 [   info]                   lineIndex | 1
2022-07-14 01:57:21 [   info]                        find | POST
2022-07-14 01:57:21 [   info]                           i | 1
2022-07-14 01:57:21 [   info]            p[i].PacketIndex | 2
2022-07-14 01:57:21 [   info]                   lineIndex | 1
2022-07-14 01:57:23 [   info]                        find | POST
2022-07-14 01:57:23 [   info]                           i | 1
2022-07-14 01:57:23 [   info]            p[i].PacketIndex | 2
2022-07-14 01:57:23 [   info]                   lineIndex | 1
2022-07-14 01:57:30 [  trace]   --------- title --------- | ------------------ info ------------------
2022-07-14 01:57:30 [   info]                        find | POST
2022-07-14 01:57:30 [   info]                           i | 1
2022-07-14 01:57:30 [   info]            p[i].PacketIndex | 2
2022-07-14 01:57:30 [   info]                   lineIndex | 1
2022-07-14 01:57:31 [   info]                        find | POST
2022-07-14 01:57:31 [   info]                           i | 1
2022-07-14 01:57:31 [   info]            p[i].PacketIndex | 2
2022-07-14 01:57:31 [   info]                   lineIndex | 1
2022-07-14 01:57:32 [   info]                        find | POST
2022-07-14 01:57:32 [   info]                           i | 1
2022-07-14 01:57:32 [   info]            p[i].PacketIndex | 2
2022-07-14 01:57:32 [   info]                   lineIndex | 1
2022-07-14 01:57:33 [   info]                        find | POST
2022-07-14 01:57:33 [   info]                           i | 1
2022-07-14 01:57:33 [   info]            p[i].PacketIndex | 2
2022-07-14 01:57:33 [   info]                   lineIndex | 1
2022-07-14 01:57:34 [   info]                        find | POST
2022-07-14 01:57:34 [   info]                           i | 1
2022-07-14 01:57:34 [   info]            p[i].PacketIndex | 2
2022-07-14 01:57:34 [   info]                   lineIndex | 1
2022-07-14 01:57:35 [   info]                        find | POST
2022-07-14 01:57:35 [   info]                           i | 1
2022-07-14 01:57:35 [   info]            p[i].PacketIndex | 2
2022-07-14 01:57:35 [   info]                   lineIndex | 1
2022-07-14 01:57:36 [   info]                        find | POST
2022-07-14 01:57:36 [   info]                           i | 1
2022-07-14 01:57:36 [   info]            p[i].PacketIndex | 2
2022-07-14 01:57:36 [   info]                   lineIndex | 1
2022-07-14 01:57:37 [   info]                        find | POST
2022-07-14 01:57:37 [   info]                           i | 1
2022-07-14 01:57:37 [   info]            p[i].PacketIndex | 2
2022-07-14 01:57:37 [   info]                   lineIndex | 1
2022-07-14 01:57:38 [   info]                        find | POST
2022-07-14 01:57:38 [   info]                           i | 1
2022-07-14 01:57:38 [   info]            p[i].PacketIndex | 2
2022-07-14 01:57:38 [   info]                   lineIndex | 1
2022-07-14 01:57:39 [   info]                        find | POST
2022-07-14 01:57:39 [   info]                           i | 1
2022-07-14 01:57:39 [   info]            p[i].PacketIndex | 2
2022-07-14 01:57:39 [   info]                   lineIndex | 1
