{
  "id": "0x1f6d25f9380",
  "kind": "TranslationUnitDecl",
  "loc": {},
  "range": {
    "begin": {},
    "end": {}
  },
  "inner": [
    {
      "id": "0x1f6d25f9bd8",
      "kind": "CXXRecordDecl",
      "loc": {},
      "range": {
        "begin": {},
        "end": {}
      },
      "isImplicit": true,
      "name": "_GUID",
      "tagUsed": "struct",
      "inner": [
        {
          "id": "0x1f6d25f9c90",
          "kind": "TypeVisibilityAttr",
          "range": {
            "begin": {},
            "end": {}
          },
          "implicit": true
        }
      ]
    },
    {
      "id": "0x1f6d25f9d08",
      "kind": "TypedefDecl",
      "loc": {},
      "range": {
        "begin": {},
        "end": {}
      },
      "isImplicit": true,
      "name": "__int128_t",
      "type": {
        "qualType": "__int128"
      },
      "inner": [
        {
          "id": "0x1f6d25f9950",
          "kind": "BuiltinType",
          "type": {
            "qualType": "__int128"
          }
        }
      ]
    },
    {
      "id": "0x1f6d25f9d78",
      "kind": "TypedefDecl",
      "loc": {},
      "range": {
        "begin": {},
        "end": {}
      },
      "isImplicit": true,
      "name": "__uint128_t",
      "type": {
        "qualType": "unsigned __int128"
      },
      "inner": [
        {
          "id": "0x1f6d25f9970",
          "kind": "BuiltinType",
          "type": {
            "qualType": "unsigned __int128"
          }
        }
      ]
    },
    {
      "id": "0x1f6d25fa118",
      "kind": "TypedefDecl",
      "loc": {},
      "range": {
        "begin": {},
        "end": {}
      },
      "isImplicit": true,
      "name": "__NSConstantString",
      "type": {
        "qualType": "__NSConstantString_tag"
      },
      "inner": [
        {
          "id": "0x1f6d25f9e60",
          "kind": "RecordType",
          "type": {
            "qualType": "__NSConstantString_tag"
          },
          "decl": {
            "id": "0x1f6d25f9dd0",
            "kind": "CXXRecordDecl",
            "name": "__NSConstantString_tag"
          }
        }
      ]
    },
    {
      "id": "0x1f6d25fa170",
      "kind": "CXXRecordDecl",
      "loc": {},
      "range": {
        "begin": {},
        "end": {}
      },
      "isImplicit": true,
      "name": "type_info",
      "tagUsed": "class",
      "inner": [
        {
          "id": "0x1f6d25fa220",
          "kind": "TypeVisibilityAttr",
          "range": {
            "begin": {},
            "end": {}
          },
          "implicit": true
        }
      ]
    },
    {
      "id": "0x1f6d25fa298",
      "kind": "TypedefDecl",
      "loc": {},
      "range": {
        "begin": {},
        "end": {}
      },
      "isImplicit": true,
      "name": "size_t",
      "type": {
        "qualType": "unsigned long long"
      },
      "inner": [
        {
          "id": "0x1f6d25f9570",
          "kind": "BuiltinType",
          "type": {
            "qualType": "unsigned long long"
          }
        }
      ]
    },
    {
      "id": "0x1f6d3fd2238",
      "kind": "TypedefDecl",
      "loc": {},
      "range": {
        "begin": {},
        "end": {}
      },
      "isImplicit": true,
      "name": "__builtin_ms_va_list",
      "type": {
        "qualType": "char *"
      },
      "inner": [
        {
          "id": "0x1f6d25fa2f0",
          "kind": "PointerType",
          "type": {
            "qualType": "char *"
          },
          "inner": [
            {
              "id": "0x1f6d25f9430",
              "kind": "BuiltinType",
              "type": {
                "qualType": "char"
              }
            }
          ]
        }
      ]
    },
    {
      "id": "0x1f6d3fd22a8",
      "kind": "TypedefDecl",
      "loc": {},
      "range": {
        "begin": {},
        "end": {}
      },
      "isImplicit": true,
      "name": "__builtin_va_list",
      "type": {
        "qualType": "char *"
      },
      "inner": [
        {
          "id": "0x1f6d25fa2f0",
          "kind": "PointerType",
          "type": {
            "qualType": "char *"
          },
          "inner": [
            {
              "id": "0x1f6d25f9430",
              "kind": "BuiltinType",
              "type": {
                "qualType": "char"
              }
            }
          ]
        }
      ]
    },
    {
      "id": "0x1f6d3fd2348",
      "kind": "FunctionDecl",
      "loc": {
        "offset": 82,
        "file": "cpp\\library.hpp",
        "line": 4,
        "col": 28,
        "tokLen": 5
      },
      "range": {
        "begin": {
          "offset": 55,
          "col": 1,
          "tokLen": 10
        },
        "end": {
          "offset": 88,
          "col": 34,
          "tokLen": 1
        }
      },
      "name": "hello",
      "mangledName": "?hello@@YAXXZ",
      "type": {
        "qualType": "void ()"
      },
      "inner": [
        {
          "id": "0x1f6d3fd23f0",
          "kind": "DLLExportAttr",
          "range": {
            "begin": {
              "offset": 66,
              "col": 12,
              "tokLen": 9
            },
            "end": {
              "offset": 66,
              "col": 12,
              "tokLen": 9
            }
          }
        }
      ]
    }
  ]
}