{
  "id": "0x215819700a0",
  "kind": "TranslationUnitDecl",
  "loc": {},
  "range": {
    "begin": {},
    "end": {}
  },
  "inner": [
    {
      "id": "0x215819708b8",
      "kind": "RecordDecl",
      "loc": {},
      "range": {
        "begin": {},
        "end": {}
      },
      "isImplicit": true,
      "name": "_GUID",
      "tagUsed": "struct",
      "inner": [
        {
          "id": "0x21581970960",
          "kind": "TypeVisibilityAttr",
          "range": {
            "begin": {},
            "end": {}
          },
          "implicit": true
        }
      ]
    },
    {
      "id": "0x215819709d8",
      "kind": "TypedefDecl",
      "loc": {},
      "range": {
        "begin": {},
        "end": {}
      },
      "isImplicit": true,
      "name": "__int128_t",
      "type": {
        "qualType": "__int128"
      },
      "inner": [
        {
          "id": "0x21581970670",
          "kind": "BuiltinType",
          "type": {
            "qualType": "__int128"
          }
        }
      ]
    },
    {
      "id": "0x21581970a48",
      "kind": "TypedefDecl",
      "loc": {},
      "range": {
        "begin": {},
        "end": {}
      },
      "isImplicit": true,
      "name": "__uint128_t",
      "type": {
        "qualType": "unsigned __int128"
      },
      "inner": [
        {
          "id": "0x21581970690",
          "kind": "BuiltinType",
          "type": {
            "qualType": "unsigned __int128"
          }
        }
      ]
    },
    {
      "id": "0x21581970d68",
      "kind": "TypedefDecl",
      "loc": {},
      "range": {
        "begin": {},
        "end": {}
      },
      "isImplicit": true,
      "name": "__NSConstantString",
      "type": {
        "qualType": "struct __NSConstantString_tag"
      },
      "inner": [
        {
          "id": "0x21581970b20",
          "kind": "RecordType",
          "type": {
            "qualType": "struct __NSConstantString_tag"
          },
          "decl": {
            "id": "0x21581970aa0",
            "kind": "RecordDecl",
            "name": "__NSConstantString_tag"
          }
        }
      ]
    },
    {
      "id": "0x21581970dd8",
      "kind": "TypedefDecl",
      "loc": {},
      "range": {
        "begin": {},
        "end": {}
      },
      "isImplicit": true,
      "name": "size_t",
      "type": {
        "qualType": "unsigned long long"
      },
      "inner": [
        {
          "id": "0x21581970290",
          "kind": "BuiltinType",
          "type": {
            "qualType": "unsigned long long"
          }
        }
      ]
    },
    {
      "id": "0x21581970e70",
      "kind": "TypedefDecl",
      "loc": {},
      "range": {
        "begin": {},
        "end": {}
      },
      "isImplicit": true,
      "name": "__builtin_ms_va_list",
      "type": {
        "qualType": "char *"
      },
      "inner": [
        {
          "id": "0x21581970e30",
          "kind": "PointerType",
          "type": {
            "qualType": "char *"
          },
          "inner": [
            {
              "id": "0x21581970150",
              "kind": "BuiltinType",
              "type": {
                "qualType": "char"
              }
            }
          ]
        }
      ]
    },
    {
      "id": "0x21581970ee0",
      "kind": "TypedefDecl",
      "loc": {},
      "range": {
        "begin": {},
        "end": {}
      },
      "isImplicit": true,
      "name": "__builtin_va_list",
      "type": {
        "qualType": "char *"
      },
      "inner": [
        {
          "id": "0x21581970e30",
          "kind": "PointerType",
          "type": {
            "qualType": "char *"
          },
          "inner": [
            {
              "id": "0x21581970150",
              "kind": "BuiltinType",
              "type": {
                "qualType": "char"
              }
            }
          ]
        }
      ]
    },
    {
      "id": "0x21581970f88",
      "kind": "FunctionDecl",
      "loc": {
        "offset": 27,
        "file": "ARImpRec/ARImpRec.h",
        "line": 1,
        "col": 28,
        "tokLen": 18
      },
      "range": {
        "begin": {
          "offset": 0,
          "col": 1,
          "tokLen": 10
        },
        "end": {
          "offset": 48,
          "col": 49,
          "tokLen": 1
        }
      },
      "name": "UnpackPdataSection",
      "mangledName": "UnpackPdataSection",
      "type": {
        "qualType": "void ()"
      },
      "inner": [
        {
          "id": "0x21581971030",
          "kind": "DLLExportAttr",
          "range": {
            "begin": {
              "offset": 11,
              "col": 12,
              "tokLen": 9
            },
            "end": {
              "offset": 11,
              "col": 12,
              "tokLen": 9
            }
          }
        }
      ]
    },
    {
      "id": "0x215819b88f0",
      "kind": "FunctionDecl",
      "loc": {
        "offset": 79,
        "line": 2,
        "col": 28,
        "tokLen": 20
      },
      "range": {
        "begin": {
          "offset": 52,
          "col": 1,
          "tokLen": 10
        },
        "end": {
          "offset": 108,
          "col": 57,
          "tokLen": 1
        }
      },
      "name": "GetNameFileOptimized",
      "mangledName": "GetNameFileOptimized",
      "type": {
        "qualType": "void ()"
      },
      "inner": [
        {
          "id": "0x215819b8998",
          "kind": "DLLExportAttr",
          "range": {
            "begin": {
              "offset": 63,
              "col": 12,
              "tokLen": 9
            },
            "end": {
              "offset": 63,
              "col": 12,
              "tokLen": 9
            }
          }
        }
      ]
    },
    {
      "id": "0x215819b8a10",
      "kind": "FunctionDecl",
      "loc": {
        "offset": 139,
        "line": 3,
        "col": 28,
        "tokLen": 28
      },
      "range": {
        "begin": {
          "offset": 112,
          "col": 1,
          "tokLen": 10
        },
        "end": {
          "offset": 178,
          "col": 67,
          "tokLen": 1
        }
      },
      "name": "RebuildSectionsFromArmadillo",
      "mangledName": "RebuildSectionsFromArmadillo",
      "type": {
        "qualType": "void ()"
      },
      "inner": [
        {
          "id": "0x215819b8ab8",
          "kind": "DLLExportAttr",
          "range": {
            "begin": {
              "offset": 123,
              "col": 12,
              "tokLen": 9
            },
            "end": {
              "offset": 123,
              "col": 12,
              "tokLen": 9
            }
          }
        }
      ]
    },
    {
      "id": "0x215819b8b30",
      "kind": "FunctionDecl",
      "loc": {
        "offset": 209,
        "line": 4,
        "col": 28,
        "tokLen": 22
      },
      "range": {
        "begin": {
          "offset": 182,
          "col": 1,
          "tokLen": 10
        },
        "end": {
          "offset": 246,
          "col": 65,
          "tokLen": 1
        }
      },
      "name": "TryGetImportedFunction",
      "mangledName": "TryGetImportedFunction",
      "type": {
        "qualType": "void ()"
      },
      "inner": [
        {
          "id": "0x215819b8bd8",
          "kind": "DLLExportAttr",
          "range": {
            "begin": {
              "offset": 193,
              "col": 12,
              "tokLen": 9
            },
            "end": {
              "offset": 193,
              "col": 12,
              "tokLen": 9
            }
          }
        }
      ]
    },
    {
      "id": "0x215819b8c50",
      "kind": "FunctionDecl",
      "loc": {
        "offset": 277,
        "line": 5,
        "col": 28,
        "tokLen": 35
      },
      "range": {
        "begin": {
          "offset": 250,
          "col": 1,
          "tokLen": 10
        },
        "end": {
          "offset": 320,
          "col": 71,
          "tokLen": 1
        }
      },
      "name": "SearchAndRebuildImportsNoNewSection",
      "mangledName": "SearchAndRebuildImportsNoNewSection",
      "type": {
        "qualType": "void ()"
      },
      "inner": [
        {
          "id": "0x215819b8cf8",
          "kind": "DLLExportAttr",
          "range": {
            "begin": {
              "offset": 261,
              "col": 12,
              "tokLen": 9
            },
            "end": {
              "offset": 261,
              "col": 12,
              "tokLen": 9
            }
          }
        }
      ]
    },
    {
      "id": "0x215819b8d70",
      "kind": "FunctionDecl",
      "loc": {
        "offset": 351,
        "line": 6,
        "col": 28,
        "tokLen": 35
      },
      "range": {
        "begin": {
          "offset": 324,
          "col": 1,
          "tokLen": 10
        },
        "end": {
          "offset": 392,
          "col": 69,
          "tokLen": 1
        }
      },
      "name": "SearchAndRebuildImportsIATOptimized",
      "mangledName": "SearchAndRebuildImportsIATOptimized",
      "type": {
        "qualType": "void ()"
      },
      "inner": [
        {
          "id": "0x215819b8e18",
          "kind": "DLLExportAttr",
          "range": {
            "begin": {
              "offset": 335,
              "col": 12,
              "tokLen": 9
            },
            "end": {
              "offset": 335,
              "col": 12,
              "tokLen": 9
            }
          }
        }
      ]
    },
    {
      "id": "0x215819b8e90",
      "kind": "FunctionDecl",
      "loc": {
        "offset": 423,
        "line": 7,
        "col": 28,
        "tokLen": 23
      },
      "range": {
        "begin": {
          "offset": 396,
          "col": 1,
          "tokLen": 10
        },
        "end": {
          "offset": 455,
          "col": 60,
          "tokLen": 1
        }
      },
      "name": "SearchAndRebuildImports",
      "mangledName": "SearchAndRebuildImports",
      "type": {
        "qualType": "void ()"
      },
      "inner": [
        {
          "id": "0x215819b8f38",
          "kind": "DLLExportAttr",
          "range": {
            "begin": {
              "offset": 407,
              "col": 12,
              "tokLen": 9
            },
            "end": {
              "offset": 407,
              "col": 12,
              "tokLen": 9
            }
          }
        }
      ]
    },
    {
      "id": "0x215819b8fb0",
      "kind": "FunctionDecl",
      "loc": {
        "offset": 486,
        "line": 8,
        "col": 28,
        "tokLen": 21
      },
      "range": {
        "begin": {
          "offset": 459,
          "col": 1,
          "tokLen": 10
        },
        "end": {
          "offset": 513,
          "col": 55,
          "tokLen": 1
        }
      },
      "name": "GetProcNameAndOrdinal",
      "mangledName": "GetProcNameAndOrdinal",
      "type": {
        "qualType": "void ()"
      },
      "inner": [
        {
          "id": "0x215819b9058",
          "kind": "DLLExportAttr",
          "range": {
            "begin": {
              "offset": 470,
              "col": 12,
              "tokLen": 9
            },
            "end": {
              "offset": 470,
              "col": 12,
              "tokLen": 9
            }
          }
        }
      ]
    },
    {
      "id": "0x215819b90d0",
      "kind": "FunctionDecl",
      "loc": {
        "offset": 544,
        "line": 9,
        "col": 28,
        "tokLen": 14
      },
      "range": {
        "begin": {
          "offset": 517,
          "col": 1,
          "tokLen": 10
        },
        "end": {
          "offset": 568,
          "col": 52,
          "tokLen": 1
        }
      },
      "name": "GetProcOrdinal",
      "mangledName": "GetProcOrdinal",
      "type": {
        "qualType": "void ()"
      },
      "inner": [
        {
          "id": "0x215819b9178",
          "kind": "DLLExportAttr",
          "range": {
            "begin": {
              "offset": 528,
              "col": 12,
              "tokLen": 9
            },
            "end": {
              "offset": 528,
              "col": 12,
              "tokLen": 9
            }
          }
        }
      ]
    },
    {
      "id": "0x215819b91f0",
      "kind": "FunctionDecl",
      "loc": {
        "offset": 599,
        "line": 10,
        "col": 28,
        "tokLen": 11
      },
      "range": {
        "begin": {
          "offset": 572,
          "col": 1,
          "tokLen": 10
        },
        "end": {
          "offset": 622,
          "col": 51,
          "tokLen": 1
        }
      },
      "name": "GetProcName",
      "mangledName": "GetProcName",
      "type": {
        "qualType": "void ()"
      },
      "inner": [
        {
          "id": "0x215819b9298",
          "kind": "DLLExportAttr",
          "range": {
            "begin": {
              "offset": 583,
              "col": 12,
              "tokLen": 9
            },
            "end": {
              "offset": 583,
              "col": 12,
              "tokLen": 9
            }
          }
        }
      ]
    },
    {
      "id": "0x215819b9310",
      "kind": "FunctionDecl",
      "loc": {
        "offset": 653,
        "line": 11,
        "col": 28,
        "tokLen": 25
      },
      "range": {
        "begin": {
          "offset": 626,
          "col": 1,
          "tokLen": 10
        },
        "end": {
          "offset": 684,
          "col": 59,
          "tokLen": 1
        }
      },
      "name": "GetAllVAddressesOfImports",
      "mangledName": "GetAllVAddressesOfImports",
      "type": {
        "qualType": "void ()"
      },
      "inner": [
        {
          "id": "0x215819b93b8",
          "kind": "DLLExportAttr",
          "range": {
            "begin": {
              "offset": 637,
              "col": 12,
              "tokLen": 9
            },
            "end": {
              "offset": 637,
              "col": 12,
              "tokLen": 9
            }
          }
        }
      ]
    }
  ]
}