In file included from ..\..\..\bin\debug\SDK\Examples\hyperdbg_app\header\pch.h:32:
In file included from C:\Program Files\Microsoft Visual Studio\2022\Enterprise\VC\Tools\MSVC\14.40.33807\include\iostream:8:
C:\Program Files\Microsoft Visual Studio\2022\Enterprise\VC\Tools\MSVC\14.40.33807\include\yvals_core.h:23:2: error: error STL1003: Unexpected compiler, expected C++ compiler.
   23 | #error error STL1003: Unexpected compiler, expected C++ compiler.
      |  ^
In file included from ..\..\..\bin\debug\SDK\Examples\hyperdbg_app\header\pch.h:32:
In file included from C:\Program Files\Microsoft Visual Studio\2022\Enterprise\VC\Tools\MSVC\14.40.33807\include\iostream:10:
In file included from C:\Program Files\Microsoft Visual Studio\2022\Enterprise\VC\Tools\MSVC\14.40.33807\include\istream:10:
In file included from C:\Program Files\Microsoft Visual Studio\2022\Enterprise\VC\Tools\MSVC\14.40.33807\include\ostream:10:
In file included from C:\Program Files\Microsoft Visual Studio\2022\Enterprise\VC\Tools\MSVC\14.40.33807\include\ios:10:
In file included from C:\Program Files\Microsoft Visual Studio\2022\Enterprise\VC\Tools\MSVC\14.40.33807\include\xlocnum:11:
In file included from C:\Program Files\Microsoft Visual Studio\2022\Enterprise\VC\Tools\MSVC\14.40.33807\include\cmath:8:
C:\Program Files\Microsoft Visual Studio\2022\Enterprise\VC\Tools\MSVC\14.40.33807\include\yvals.h:332:1: error: unknown type name 'namespace'
  332 | _STD_BEGIN
      | ^
C:\Program Files\Microsoft Visual Studio\2022\Enterprise\VC\Tools\MSVC\14.40.33807\include\yvals_core.h:1946:5: note: expanded from macro '_STD_BEGIN'
 1946 |     namespace std {
      |     ^
In file included from ..\..\..\bin\debug\SDK\Examples\hyperdbg_app\header\pch.h:32:
In file included from C:\Program Files\Microsoft Visual Studio\2022\Enterprise\VC\Tools\MSVC\14.40.33807\include\iostream:10:
In file included from C:\Program Files\Microsoft Visual Studio\2022\Enterprise\VC\Tools\MSVC\14.40.33807\include\istream:10:
In file included from C:\Program Files\Microsoft Visual Studio\2022\Enterprise\VC\Tools\MSVC\14.40.33807\include\ostream:10:
In file included from C:\Program Files\Microsoft Visual Studio\2022\Enterprise\VC\Tools\MSVC\14.40.33807\include\ios:10:
In file included from C:\Program Files\Microsoft Visual Studio\2022\Enterprise\VC\Tools\MSVC\14.40.33807\include\xlocnum:11:
In file included from C:\Program Files\Microsoft Visual Studio\2022\Enterprise\VC\Tools\MSVC\14.40.33807\include\cmath:8:
C:\Program Files\Microsoft Visual Studio\2022\Enterprise\VC\Tools\MSVC\14.40.33807\include\yvals.h:332:1: error: expected ';' after top level declarator
C:\Program Files\Microsoft Visual Studio\2022\Enterprise\VC\Tools\MSVC\14.40.33807\include\yvals_core.h:1946:19: note: expanded from macro '_STD_BEGIN'
 1946 |     namespace std {
      |                   ^
In file included from ..\..\..\bin\debug\SDK\Examples\hyperdbg_app\header\pch.h:32:
In file included from C:\Program Files\Microsoft Visual Studio\2022\Enterprise\VC\Tools\MSVC\14.40.33807\include\iostream:10:
In file included from C:\Program Files\Microsoft Visual Studio\2022\Enterprise\VC\Tools\MSVC\14.40.33807\include\istream:10:
In file included from C:\Program Files\Microsoft Visual Studio\2022\Enterprise\VC\Tools\MSVC\14.40.33807\include\ostream:10:
In file included from C:\Program Files\Microsoft Visual Studio\2022\Enterprise\VC\Tools\MSVC\14.40.33807\include\ios:10:
In file included from C:\Program Files\Microsoft Visual Studio\2022\Enterprise\VC\Tools\MSVC\14.40.33807\include\xlocnum:11:
In file included from C:\Program Files\Microsoft Visual Studio\2022\Enterprise\VC\Tools\MSVC\14.40.33807\include\cmath:11:
C:\Program Files\Microsoft Visual Studio\2022\Enterprise\VC\Tools\MSVC\14.40.33807\include\cstdlib:23:62: error: expected function body after function declarator
   23 | _NODISCARD _Check_return_ inline double abs(_In_ double _Xx) noexcept /* strengthened */ {
      |                                                              ^
In file included from ..\..\..\bin\debug\SDK\Examples\hyperdbg_app\header\pch.h:32:
In file included from C:\Program Files\Microsoft Visual Studio\2022\Enterprise\VC\Tools\MSVC\14.40.33807\include\iostream:10:
In file included from C:\Program Files\Microsoft Visual Studio\2022\Enterprise\VC\Tools\MSVC\14.40.33807\include\istream:10:
In file included from C:\Program Files\Microsoft Visual Studio\2022\Enterprise\VC\Tools\MSVC\14.40.33807\include\ostream:10:
In file included from C:\Program Files\Microsoft Visual Studio\2022\Enterprise\VC\Tools\MSVC\14.40.33807\include\ios:10:
In file included from C:\Program Files\Microsoft Visual Studio\2022\Enterprise\VC\Tools\MSVC\14.40.33807\include\xlocnum:12:
In file included from C:\Program Files\Microsoft Visual Studio\2022\Enterprise\VC\Tools\MSVC\14.40.33807\include\cstdio:11:
In file included from C:\Program Files (x86)\Windows Kits\10\Include\10.0.26100.0\ucrt\stdio.h:13:
C:\Program Files (x86)\Windows Kits\10\Include\10.0.26100.0\ucrt\corecrt_wstdio.h:34:14: error: unknown type name 'FILE'; did you mean 'HFILE'?
   34 | _ACRTIMP_ALT FILE* __cdecl __acrt_iob_func(unsigned _Ix);
      |              ^
C:\Program Files (x86)\Windows Kits\10\Include\10.0.26100.0\shared\minwindef.h:262:13: note: 'HFILE' declared here
  262 | typedef int HFILE;
      |             ^
In file included from ..\..\..\bin\debug\SDK\Examples\hyperdbg_app\header\pch.h:32:
In file included from C:\Program Files\Microsoft Visual Studio\2022\Enterprise\VC\Tools\MSVC\14.40.33807\include\iostream:10:
In file included from C:\Program Files\Microsoft Visual Studio\2022\Enterprise\VC\Tools\MSVC\14.40.33807\include\istream:10:
In file included from C:\Program Files\Microsoft Visual Studio\2022\Enterprise\VC\Tools\MSVC\14.40.33807\include\ostream:10:
In file included from C:\Program Files\Microsoft Visual Studio\2022\Enterprise\VC\Tools\MSVC\14.40.33807\include\ios:10:
In file included from C:\Program Files\Microsoft Visual Studio\2022\Enterprise\VC\Tools\MSVC\14.40.33807\include\xlocnum:12:
In file included from C:\Program Files\Microsoft Visual Studio\2022\Enterprise\VC\Tools\MSVC\14.40.33807\include\cstdio:11:
In file included from C:\Program Files (x86)\Windows Kits\10\Include\10.0.26100.0\ucrt\stdio.h:13:
C:\Program Files (x86)\Windows Kits\10\Include\10.0.26100.0\ucrt\corecrt_wstdio.h:52:17: error: unknown type name 'FILE'; did you mean 'HFILE'?
   52 |         _Inout_ FILE* _Stream
      |                 ^
C:\Program Files (x86)\Windows Kits\10\Include\10.0.26100.0\shared\minwindef.h:262:13: note: 'HFILE' declared here
  262 | typedef int HFILE;
      |             ^
In file included from ..\..\..\bin\debug\SDK\Examples\hyperdbg_app\header\pch.h:32:
In file included from C:\Program Files\Microsoft Visual Studio\2022\Enterprise\VC\Tools\MSVC\14.40.33807\include\iostream:10:
In file included from C:\Program Files\Microsoft Visual Studio\2022\Enterprise\VC\Tools\MSVC\14.40.33807\include\istream:10:
In file included from C:\Program Files\Microsoft Visual Studio\2022\Enterprise\VC\Tools\MSVC\14.40.33807\include\ostream:10:
In file included from C:\Program Files\Microsoft Visual Studio\2022\Enterprise\VC\Tools\MSVC\14.40.33807\include\ios:10:
In file included from C:\Program Files\Microsoft Visual Studio\2022\Enterprise\VC\Tools\MSVC\14.40.33807\include\xlocnum:12:
In file included from C:\Program Files\Microsoft Visual Studio\2022\Enterprise\VC\Tools\MSVC\14.40.33807\include\cstdio:11:
In file included from C:\Program Files (x86)\Windows Kits\10\Include\10.0.26100.0\ucrt\stdio.h:13:
C:\Program Files (x86)\Windows Kits\10\Include\10.0.26100.0\ucrt\corecrt_wstdio.h:61:17: error: unknown type name 'FILE'; did you mean 'HFILE'?
   61 |         _Inout_ FILE*   _Stream);
      |                 ^
C:\Program Files (x86)\Windows Kits\10\Include\10.0.26100.0\shared\minwindef.h:262:13: note: 'HFILE' declared here
  262 | typedef int HFILE;
      |             ^
In file included from ..\..\..\bin\debug\SDK\Examples\hyperdbg_app\header\pch.h:32:
In file included from C:\Program Files\Microsoft Visual Studio\2022\Enterprise\VC\Tools\MSVC\14.40.33807\include\iostream:10:
In file included from C:\Program Files\Microsoft Visual Studio\2022\Enterprise\VC\Tools\MSVC\14.40.33807\include\istream:10:
In file included from C:\Program Files\Microsoft Visual Studio\2022\Enterprise\VC\Tools\MSVC\14.40.33807\include\ostream:10:
In file included from C:\Program Files\Microsoft Visual Studio\2022\Enterprise\VC\Tools\MSVC\14.40.33807\include\ios:10:
In file included from C:\Program Files\Microsoft Visual Studio\2022\Enterprise\VC\Tools\MSVC\14.40.33807\include\xlocnum:12:
In file included from C:\Program Files\Microsoft Visual Studio\2022\Enterprise\VC\Tools\MSVC\14.40.33807\include\cstdio:11:
In file included from C:\Program Files (x86)\Windows Kits\10\Include\10.0.26100.0\ucrt\stdio.h:13:
C:\Program Files (x86)\Windows Kits\10\Include\10.0.26100.0\ucrt\corecrt_wstdio.h:70:17: error: unknown type name 'FILE'; did you mean 'HFILE'?
   70 |         _Inout_ FILE* _Stream
      |                 ^
C:\Program Files (x86)\Windows Kits\10\Include\10.0.26100.0\shared\minwindef.h:262:13: note: 'HFILE' declared here
  262 | typedef int HFILE;
      |             ^
In file included from ..\..\..\bin\debug\SDK\Examples\hyperdbg_app\header\pch.h:32:
In file included from C:\Program Files\Microsoft Visual Studio\2022\Enterprise\VC\Tools\MSVC\14.40.33807\include\iostream:10:
In file included from C:\Program Files\Microsoft Visual Studio\2022\Enterprise\VC\Tools\MSVC\14.40.33807\include\istream:10:
In file included from C:\Program Files\Microsoft Visual Studio\2022\Enterprise\VC\Tools\MSVC\14.40.33807\include\ostream:10:
In file included from C:\Program Files\Microsoft Visual Studio\2022\Enterprise\VC\Tools\MSVC\14.40.33807\include\ios:10:
In file included from C:\Program Files\Microsoft Visual Studio\2022\Enterprise\VC\Tools\MSVC\14.40.33807\include\xlocnum:12:
In file included from C:\Program Files\Microsoft Visual Studio\2022\Enterprise\VC\Tools\MSVC\14.40.33807\include\cstdio:11:
In file included from C:\Program Files (x86)\Windows Kits\10\Include\10.0.26100.0\ucrt\stdio.h:13:
C:\Program Files (x86)\Windows Kits\10\Include\10.0.26100.0\ucrt\corecrt_wstdio.h:82:38: error: unknown type name 'FILE'; did you mean 'HFILE'?
   82 |         _Inout_                      FILE*    _Stream
      |                                      ^
C:\Program Files (x86)\Windows Kits\10\Include\10.0.26100.0\shared\minwindef.h:262:13: note: 'HFILE' declared here
  262 | typedef int HFILE;
      |             ^
In file included from ..\..\..\bin\debug\SDK\Examples\hyperdbg_app\header\pch.h:32:
In file included from C:\Program Files\Microsoft Visual Studio\2022\Enterprise\VC\Tools\MSVC\14.40.33807\include\iostream:10:
In file included from C:\Program Files\Microsoft Visual Studio\2022\Enterprise\VC\Tools\MSVC\14.40.33807\include\istream:10:
In file included from C:\Program Files\Microsoft Visual Studio\2022\Enterprise\VC\Tools\MSVC\14.40.33807\include\ostream:10:
In file included from C:\Program Files\Microsoft Visual Studio\2022\Enterprise\VC\Tools\MSVC\14.40.33807\include\ios:10:
In file included from C:\Program Files\Microsoft Visual Studio\2022\Enterprise\VC\Tools\MSVC\14.40.33807\include\xlocnum:12:
In file included from C:\Program Files\Microsoft Visual Studio\2022\Enterprise\VC\Tools\MSVC\14.40.33807\include\cstdio:11:
In file included from C:\Program Files (x86)\Windows Kits\10\Include\10.0.26100.0\ucrt\stdio.h:13:
C:\Program Files (x86)\Windows Kits\10\Include\10.0.26100.0\ucrt\corecrt_wstdio.h:88:17: error: unknown type name 'FILE'; did you mean 'HFILE'?
   88 |         _Inout_ FILE*          _Stream
      |                 ^
C:\Program Files (x86)\Windows Kits\10\Include\10.0.26100.0\shared\minwindef.h:262:13: note: 'HFILE' declared here
  262 | typedef int HFILE;
      |             ^
In file included from ..\..\..\bin\debug\SDK\Examples\hyperdbg_app\header\pch.h:32:
In file included from C:\Program Files\Microsoft Visual Studio\2022\Enterprise\VC\Tools\MSVC\14.40.33807\include\iostream:10:
In file included from C:\Program Files\Microsoft Visual Studio\2022\Enterprise\VC\Tools\MSVC\14.40.33807\include\istream:10:
In file included from C:\Program Files\Microsoft Visual Studio\2022\Enterprise\VC\Tools\MSVC\14.40.33807\include\ostream:10:
In file included from C:\Program Files\Microsoft Visual Studio\2022\Enterprise\VC\Tools\MSVC\14.40.33807\include\ios:10:
In file included from C:\Program Files\Microsoft Visual Studio\2022\Enterprise\VC\Tools\MSVC\14.40.33807\include\xlocnum:12:
In file included from C:\Program Files\Microsoft Visual Studio\2022\Enterprise\VC\Tools\MSVC\14.40.33807\include\cstdio:11:
In file included from C:\Program Files (x86)\Windows Kits\10\Include\10.0.26100.0\ucrt\stdio.h:13:
C:\Program Files (x86)\Windows Kits\10\Include\10.0.26100.0\ucrt\corecrt_wstdio.h:107:17: error: unknown type name 'FILE'; did you mean 'HFILE'?
  107 |         _Inout_ FILE*   _Stream
      |                 ^
C:\Program Files (x86)\Windows Kits\10\Include\10.0.26100.0\shared\minwindef.h:262:13: note: 'HFILE' declared here
  262 | typedef int HFILE;
      |             ^
In file included from ..\..\..\bin\debug\SDK\Examples\hyperdbg_app\header\pch.h:32:
In file included from C:\Program Files\Microsoft Visual Studio\2022\Enterprise\VC\Tools\MSVC\14.40.33807\include\iostream:10:
In file included from C:\Program Files\Microsoft Visual Studio\2022\Enterprise\VC\Tools\MSVC\14.40.33807\include\istream:10:
In file included from C:\Program Files\Microsoft Visual Studio\2022\Enterprise\VC\Tools\MSVC\14.40.33807\include\ostream:10:
In file included from C:\Program Files\Microsoft Visual Studio\2022\Enterprise\VC\Tools\MSVC\14.40.33807\include\ios:10:
In file included from C:\Program Files\Microsoft Visual Studio\2022\Enterprise\VC\Tools\MSVC\14.40.33807\include\xlocnum:12:
In file included from C:\Program Files\Microsoft Visual Studio\2022\Enterprise\VC\Tools\MSVC\14.40.33807\include\cstdio:11:
In file included from C:\Program Files (x86)\Windows Kits\10\Include\10.0.26100.0\ucrt\stdio.h:13:
C:\Program Files (x86)\Windows Kits\10\Include\10.0.26100.0\ucrt\corecrt_wstdio.h:123:17: error: unknown type name 'FILE'; did you mean 'HFILE'?
  123 |         _Inout_ FILE*  _Stream
      |                 ^
C:\Program Files (x86)\Windows Kits\10\Include\10.0.26100.0\shared\minwindef.h:262:13: note: 'HFILE' declared here
  262 | typedef int HFILE;
      |             ^
In file included from ..\..\..\bin\debug\SDK\Examples\hyperdbg_app\header\pch.h:32:
In file included from C:\Program Files\Microsoft Visual Studio\2022\Enterprise\VC\Tools\MSVC\14.40.33807\include\iostream:10:
In file included from C:\Program Files\Microsoft Visual Studio\2022\Enterprise\VC\Tools\MSVC\14.40.33807\include\istream:10:
In file included from C:\Program Files\Microsoft Visual Studio\2022\Enterprise\VC\Tools\MSVC\14.40.33807\include\ostream:10:
In file included from C:\Program Files\Microsoft Visual Studio\2022\Enterprise\VC\Tools\MSVC\14.40.33807\include\ios:10:
In file included from C:\Program Files\Microsoft Visual Studio\2022\Enterprise\VC\Tools\MSVC\14.40.33807\include\xlocnum:12:
In file included from C:\Program Files\Microsoft Visual Studio\2022\Enterprise\VC\Tools\MSVC\14.40.33807\include\cstdio:11:
In file included from C:\Program Files (x86)\Windows Kits\10\Include\10.0.26100.0\ucrt\stdio.h:13:
C:\Program Files (x86)\Windows Kits\10\Include\10.0.26100.0\ucrt\corecrt_wstdio.h:127:14: error: unknown type name 'FILE'; did you mean 'HFILE'?
  127 |     _ACRTIMP FILE * __cdecl _wfdopen(
      |              ^
C:\Program Files (x86)\Windows Kits\10\Include\10.0.26100.0\shared\minwindef.h:262:13: note: 'HFILE' declared here
  262 | typedef int HFILE;
      |             ^
In file included from ..\..\..\bin\debug\SDK\Examples\hyperdbg_app\header\pch.h:32:
In file included from C:\Program Files\Microsoft Visual Studio\2022\Enterprise\VC\Tools\MSVC\14.40.33807\include\iostream:10:
In file included from C:\Program Files\Microsoft Visual Studio\2022\Enterprise\VC\Tools\MSVC\14.40.33807\include\istream:10:
In file included from C:\Program Files\Microsoft Visual Studio\2022\Enterprise\VC\Tools\MSVC\14.40.33807\include\ostream:10:
In file included from C:\Program Files\Microsoft Visual Studio\2022\Enterprise\VC\Tools\MSVC\14.40.33807\include\ios:10:
In file included from C:\Program Files\Microsoft Visual Studio\2022\Enterprise\VC\Tools\MSVC\14.40.33807\include\xlocnum:12:
In file included from C:\Program Files\Microsoft Visual Studio\2022\Enterprise\VC\Tools\MSVC\14.40.33807\include\cstdio:11:
In file included from C:\Program Files (x86)\Windows Kits\10\Include\10.0.26100.0\ucrt\stdio.h:13:
C:\Program Files (x86)\Windows Kits\10\Include\10.0.26100.0\ucrt\corecrt_wstdio.h:133:14: error: unknown type name 'FILE'; did you mean 'HFILE'?
  133 |     _ACRTIMP FILE* __cdecl _wfopen(
      |              ^
C:\Program Files (x86)\Windows Kits\10\Include\10.0.26100.0\shared\minwindef.h:262:13: note: 'HFILE' declared here
  262 | typedef int HFILE;
      |             ^
In file included from ..\..\..\bin\debug\SDK\Examples\hyperdbg_app\header\pch.h:32:
In file included from C:\Program Files\Microsoft Visual Studio\2022\Enterprise\VC\Tools\MSVC\14.40.33807\include\iostream:10:
In file included from C:\Program Files\Microsoft Visual Studio\2022\Enterprise\VC\Tools\MSVC\14.40.33807\include\istream:10:
In file included from C:\Program Files\Microsoft Visual Studio\2022\Enterprise\VC\Tools\MSVC\14.40.33807\include\ostream:10:
In file included from C:\Program Files\Microsoft Visual Studio\2022\Enterprise\VC\Tools\MSVC\14.40.33807\include\ios:10:
In file included from C:\Program Files\Microsoft Visual Studio\2022\Enterprise\VC\Tools\MSVC\14.40.33807\include\xlocnum:12:
In file included from C:\Program Files\Microsoft Visual Studio\2022\Enterprise\VC\Tools\MSVC\14.40.33807\include\cstdio:11:
In file included from C:\Program Files (x86)\Windows Kits\10\Include\10.0.26100.0\ucrt\stdio.h:13:
C:\Program Files (x86)\Windows Kits\10\Include\10.0.26100.0\ucrt\corecrt_wstdio.h:140:35: error: unknown type name 'FILE'; did you mean 'HFILE'?
  140 |         _Outptr_result_maybenull_ FILE**         _Stream,
      |                                   ^
C:\Program Files (x86)\Windows Kits\10\Include\10.0.26100.0\shared\minwindef.h:262:13: note: 'HFILE' declared here
  262 | typedef int HFILE;
      |             ^
In file included from ..\..\..\bin\debug\SDK\Examples\hyperdbg_app\header\pch.h:32:
In file included from C:\Program Files\Microsoft Visual Studio\2022\Enterprise\VC\Tools\MSVC\14.40.33807\include\iostream:10:
In file included from C:\Program Files\Microsoft Visual Studio\2022\Enterprise\VC\Tools\MSVC\14.40.33807\include\istream:10:
In file included from C:\Program Files\Microsoft Visual Studio\2022\Enterprise\VC\Tools\MSVC\14.40.33807\include\ostream:10:
In file included from C:\Program Files\Microsoft Visual Studio\2022\Enterprise\VC\Tools\MSVC\14.40.33807\include\ios:10:
In file included from C:\Program Files\Microsoft Visual Studio\2022\Enterprise\VC\Tools\MSVC\14.40.33807\include\xlocnum:12:
In file included from C:\Program Files\Microsoft Visual Studio\2022\Enterprise\VC\Tools\MSVC\14.40.33807\include\cstdio:11:
In file included from C:\Program Files (x86)\Windows Kits\10\Include\10.0.26100.0\ucrt\stdio.h:13:
C:\Program Files (x86)\Windows Kits\10\Include\10.0.26100.0\ucrt\corecrt_wstdio.h:147:14: error: unknown type name 'FILE'; did you mean 'HFILE'?
  147 |     _ACRTIMP FILE* __cdecl _wfreopen(
      |              ^
C:\Program Files (x86)\Windows Kits\10\Include\10.0.26100.0\shared\minwindef.h:262:13: note: 'HFILE' declared here
  262 | typedef int HFILE;
      |             ^
In file included from ..\..\..\bin\debug\SDK\Examples\hyperdbg_app\header\pch.h:32:
In file included from C:\Program Files\Microsoft Visual Studio\2022\Enterprise\VC\Tools\MSVC\14.40.33807\include\iostream:10:
In file included from C:\Program Files\Microsoft Visual Studio\2022\Enterprise\VC\Tools\MSVC\14.40.33807\include\istream:10:
In file included from C:\Program Files\Microsoft Visual Studio\2022\Enterprise\VC\Tools\MSVC\14.40.33807\include\ostream:10:
In file included from C:\Program Files\Microsoft Visual Studio\2022\Enterprise\VC\Tools\MSVC\14.40.33807\include\ios:10:
In file included from C:\Program Files\Microsoft Visual Studio\2022\Enterprise\VC\Tools\MSVC\14.40.33807\include\xlocnum:12:
In file included from C:\Program Files\Microsoft Visual Studio\2022\Enterprise\VC\Tools\MSVC\14.40.33807\include\cstdio:11:
In file included from C:\Program Files (x86)\Windows Kits\10\Include\10.0.26100.0\ucrt\stdio.h:13:
C:\Program Files (x86)\Windows Kits\10\Include\10.0.26100.0\ucrt\corecrt_wstdio.h:150:17: error: unknown type name 'FILE'; did you mean 'HFILE'?
  150 |         _Inout_ FILE*          _OldStream
      |                 ^
C:\Program Files (x86)\Windows Kits\10\Include\10.0.26100.0\shared\minwindef.h:262:13: note: 'HFILE' declared here
  262 | typedef int HFILE;
      |             ^
In file included from ..\..\..\bin\debug\SDK\Examples\hyperdbg_app\header\pch.h:32:
In file included from C:\Program Files\Microsoft Visual Studio\2022\Enterprise\VC\Tools\MSVC\14.40.33807\include\iostream:10:
In file included from C:\Program Files\Microsoft Visual Studio\2022\Enterprise\VC\Tools\MSVC\14.40.33807\include\istream:10:
In file included from C:\Program Files\Microsoft Visual Studio\2022\Enterprise\VC\Tools\MSVC\14.40.33807\include\ostream:10:
In file included from C:\Program Files\Microsoft Visual Studio\2022\Enterprise\VC\Tools\MSVC\14.40.33807\include\ios:10:
In file included from C:\Program Files\Microsoft Visual Studio\2022\Enterprise\VC\Tools\MSVC\14.40.33807\include\xlocnum:12:
In file included from C:\Program Files\Microsoft Visual Studio\2022\Enterprise\VC\Tools\MSVC\14.40.33807\include\cstdio:11:
In file included from C:\Program Files (x86)\Windows Kits\10\Include\10.0.26100.0\ucrt\stdio.h:13:
C:\Program Files (x86)\Windows Kits\10\Include\10.0.26100.0\ucrt\corecrt_wstdio.h:155:35: error: unknown type name 'FILE'; did you mean 'HFILE'?
  155 |         _Outptr_result_maybenull_ FILE**         _Stream,
      |                                   ^
C:\Program Files (x86)\Windows Kits\10\Include\10.0.26100.0\shared\minwindef.h:262:13: note: 'HFILE' declared here
  262 | typedef int HFILE;
      |             ^
In file included from ..\..\..\bin\debug\SDK\Examples\hyperdbg_app\header\pch.h:32:
In file included from C:\Program Files\Microsoft Visual Studio\2022\Enterprise\VC\Tools\MSVC\14.40.33807\include\iostream:10:
In file included from C:\Program Files\Microsoft Visual Studio\2022\Enterprise\VC\Tools\MSVC\14.40.33807\include\istream:10:
In file included from C:\Program Files\Microsoft Visual Studio\2022\Enterprise\VC\Tools\MSVC\14.40.33807\include\ostream:10:
In file included from C:\Program Files\Microsoft Visual Studio\2022\Enterprise\VC\Tools\MSVC\14.40.33807\include\ios:10:
In file included from C:\Program Files\Microsoft Visual Studio\2022\Enterprise\VC\Tools\MSVC\14.40.33807\include\xlocnum:12:
In file included from C:\Program Files\Microsoft Visual Studio\2022\Enterprise\VC\Tools\MSVC\14.40.33807\include\cstdio:11:
In file included from C:\Program Files (x86)\Windows Kits\10\Include\10.0.26100.0\ucrt\stdio.h:13:
C:\Program Files (x86)\Windows Kits\10\Include\10.0.26100.0\ucrt\corecrt_wstdio.h:158:35: error: unknown type name 'FILE'; did you mean 'HFILE'?
  158 |         _Inout_                   FILE*          _OldStream
      |                                   ^
C:\Program Files (x86)\Windows Kits\10\Include\10.0.26100.0\shared\minwindef.h:262:13: note: 'HFILE' declared here
  262 | typedef int HFILE;
      |             ^
fatal error: too many errors emitted, stopping now [-ferror-limit=]
